2024-12-28 23:52:00 [2] SERVER -> CLIENT: 220 smtp.gmail.com ESMTP d9443c01a7336-219dc9f72d1sm151583295ad.189 - gsmtp

2024-12-28 23:52:00 [1] CLIENT -> SERVER: EHLO mtfrblucban.com

2024-12-28 23:52:00 [2] SERVER -> CLIENT: 250-smtp.gmail.com at your service, [2a02:4780:6:1467:0:ffd:a3d4:1]
250-SIZE 35882577
250-8BITMIME
250-AUTH LOGIN PLAIN XOAUTH2 PLAIN-CLIENTTOKEN OAUTHBEARER XOAUTH
250-ENHANCEDSTATUSCODES
250-PIPELINING
250-CHUNKING
250 SMTPUTF8

2024-12-28 23:52:00 [1] CLIENT -> SERVER: AUTH LOGIN

2024-12-28 23:52:00 [2] SERVER -> CLIENT: 334 VXNlcm5hbWU6

2024-12-28 23:52:00 [1] CLIENT -> SERVER: [credentials hidden]
2024-12-28 23:52:00 [2] SERVER -> CLIENT: 334 UGFzc3dvcmQ6

2024-12-28 23:52:00 [1] CLIENT -> SERVER: [credentials hidden]
2024-12-28 23:52:01 [2] SERVER -> CLIENT: 235 2.7.0 Accepted

2024-12-28 23:52:01 [1] CLIENT -> SERVER: MAIL FROM:<websystem2024@gmail.com>

2024-12-28 23:52:01 [2] SERVER -> CLIENT: 250 2.1.0 OK d9443c01a7336-219dc9f72d1sm151583295ad.189 - gsmtp

2024-12-28 23:52:01 [1] CLIENT -> SERVER: RCPT TO:<noblepias2021@gmail.com>

2024-12-28 23:52:01 [2] SERVER -> CLIENT: 250 2.1.5 OK d9443c01a7336-219dc9f72d1sm151583295ad.189 - gsmtp

2024-12-28 23:52:01 [1] CLIENT -> SERVER: DATA

2024-12-28 23:52:01 [2] SERVER -> CLIENT: 354 Go ahead d9443c01a7336-219dc9f72d1sm151583295ad.189 - gsmtp

2024-12-28 23:52:01 [1] CLIENT -> SERVER: Date: Sat, 28 Dec 2024 23:51:59 +0800

2024-12-28 23:52:01 [1] CLIENT -> SERVER: To: Juan oblepias <noblepias2021@gmail.com>

2024-12-28 23:52:01 [1] CLIENT -> SERVER: From: MTFRB Lucban Office <websystem2024@gmail.com>

2024-12-28 23:52:01 [1] CLIENT -> SERVER: Subject: Complaint Status Notification

2024-12-28 23:52:01 [1] CLIENT -> SERVER: Message-ID: <wUcrXSFYPz8GIqgBQfbRbGHrwLXelrnmG4PIQkPE@mtfrblucban.com>

2024-12-28 23:52:01 [1] CLIENT -> SERVER: X-Mailer: PHPMailer 6.9.1 (https://github.com/PHPMailer/PHPMailer)

2024-12-28 23:52:01 [1] CLIENT -> SERVER: MIME-Version: 1.0

2024-12-28 23:52:01 [1] CLIENT -> SERVER: Content-Type: text/plain; charset=iso-8859-1

2024-12-28 23:52:01 [1] CLIENT -> SERVER: 

2024-12-28 23:52:01 [1] CLIENT -> SERVER: Dear Juan oblepias,

2024-12-28 23:52:01 [1] CLIENT -> SERVER: 

2024-12-28 23:52:01 [1] CLIENT -> SERVER: We regret to inform you that the complaint you filed  has been dismissed.

2024-12-28 23:52:01 [1] CLIENT -> SERVER: 

2024-12-28 23:52:01 [1] CLIENT -> SERVER: Reason for dismissal of complaint: Lack of supporting evidence

2024-12-28 23:52:01 [1] CLIENT -> SERVER: 

2024-12-28 23:52:01 [1] CLIENT -> SERVER: Thank you for your understanding.

2024-12-28 23:52:01 [1] CLIENT -> SERVER: 

2024-12-28 23:52:01 [1] CLIENT -> SERVER: .

2024-12-28 23:52:02 [2] SERVER -> CLIENT: 250 2.0.0 OK  1735401122 d9443c01a7336-219dc9f72d1sm151583295ad.189 - gsmtp

2024-12-28 23:52:02 [1] CLIENT -> SERVER: QUIT

2024-12-28 23:52:02 [2] SERVER -> CLIENT: 221 2.0.0 closing connection d9443c01a7336-219dc9f72d1sm151583295ad.189 - gsmtp

2025-01-21 04:12:48 [2] SERVER -> CLIENT: 220 smtp.gmail.com ESMTP d9443c01a7336-21c2d3acaa4sm64180115ad.107 - gsmtp

2025-01-21 04:12:48 [1] CLIENT -> SERVER: EHLO mtfrblucban.com

2025-01-21 04:12:48 [2] SERVER -> CLIENT: 250-smtp.gmail.com at your service, [2a02:4780:6:1467:0:ffd:a3d4:1]
250-SIZE 35882577
250-8BITMIME
250-AUTH LOGIN PLAIN XOAUTH2 PLAIN-CLIENTTOKEN OAUTHBEARER XOAUTH
250-ENHANCEDSTATUSCODES
250-PIPELINING
250-CHUNKING
250 SMTPUTF8

2025-01-21 04:12:48 [1] CLIENT -> SERVER: AUTH LOGIN

2025-01-21 04:12:48 [2] SERVER -> CLIENT: 334 VXNlcm5hbWU6

2025-01-21 04:12:48 [1] CLIENT -> SERVER: [credentials hidden]
2025-01-21 04:12:48 [2] SERVER -> CLIENT: 334 UGFzc3dvcmQ6

2025-01-21 04:12:48 [1] CLIENT -> SERVER: [credentials hidden]
2025-01-21 04:12:48 [2] SERVER -> CLIENT: 235 2.7.0 Accepted

2025-01-21 04:12:48 [1] CLIENT -> SERVER: MAIL FROM:<mtfrblucban2024@gmail.com>

2025-01-21 04:12:49 [2] SERVER -> CLIENT: 250 2.1.0 OK d9443c01a7336-21c2d3acaa4sm64180115ad.107 - gsmtp

2025-01-21 04:12:49 [1] CLIENT -> SERVER: RCPT TO:<nsoblepias@slsu.edu.ph>

2025-01-21 04:12:49 [2] SERVER -> CLIENT: 250 2.1.5 OK d9443c01a7336-21c2d3acaa4sm64180115ad.107 - gsmtp

2025-01-21 04:12:49 [1] CLIENT -> SERVER: DATA

2025-01-21 04:12:49 [2] SERVER -> CLIENT: 354 Go ahead d9443c01a7336-21c2d3acaa4sm64180115ad.107 - gsmtp

2025-01-21 04:12:49 [1] CLIENT -> SERVER: Date: Tue, 21 Jan 2025 04:12:47 +0800

2025-01-21 04:12:49 [1] CLIENT -> SERVER: To: Rovelyn Minaya <nsoblepias@slsu.edu.ph>

2025-01-21 04:12:49 [1] CLIENT -> SERVER: From: MTFRB Lucban Office <mtfrblucban2024@gmail.com>

2025-01-21 04:12:49 [1] CLIENT -> SERVER: Subject: Complaint Status Notification

2025-01-21 04:12:49 [1] CLIENT -> SERVER: Message-ID: <anFGSZtSoUM38N04LyHMNL08u3aMvyRuKHa7Fgag@mtfrblucban.com>

2025-01-21 04:12:49 [1] CLIENT -> SERVER: X-Mailer: PHPMailer 6.9.1 (https://github.com/PHPMailer/PHPMailer)

2025-01-21 04:12:49 [1] CLIENT -> SERVER: MIME-Version: 1.0

2025-01-21 04:12:49 [1] CLIENT -> SERVER: Content-Type: text/plain; charset=iso-8859-1

2025-01-21 04:12:49 [1] CLIENT -> SERVER: 

2025-01-21 04:12:49 [1] CLIENT -> SERVER: Dear Rovelyn Minaya,

2025-01-21 04:12:49 [1] CLIENT -> SERVER: 

2025-01-21 04:12:49 [1] CLIENT -> SERVER: We regret to inform you that the complaint you filed  has been dismissed.

2025-01-21 04:12:49 [1] CLIENT -> SERVER: 

2025-01-21 04:12:49 [1] CLIENT -> SERVER: Reason for dismissal of complaint: invalid evidence

2025-01-21 04:12:49 [1] CLIENT -> SERVER: 

2025-01-21 04:12:49 [1] CLIENT -> SERVER: Thank you for your understanding.

2025-01-21 04:12:49 [1] CLIENT -> SERVER: 

2025-01-21 04:12:49 [1] CLIENT -> SERVER: .

2025-01-21 04:12:50 [2] SERVER -> CLIENT: 250 2.0.0 OK  1737403970 d9443c01a7336-21c2d3acaa4sm64180115ad.107 - gsmtp

2025-01-21 04:12:50 [1] CLIENT -> SERVER: QUIT

2025-01-21 04:12:50 [2] SERVER -> CLIENT: 221 2.0.0 closing connection d9443c01a7336-21c2d3acaa4sm64180115ad.107 - gsmtp

